<?xml version="1.0" encoding="UTF-8"?>
<testsuite xmlns:xsi="http://www.w3.org/2001/XMLSchema-instance" xsi:noNamespaceSchemaLocation="https://maven.apache.org/surefire/maven-surefire-plugin/xsd/surefire-test-report-3.0.xsd" version="3.0" name="LogParserApp.RequestLogHandlerTest" time="0.031" tests="9" errors="0" skipped="0" failures="0">
  <properties>
    <property name="java.specification.version" value="17"/>
    <property name="sun.cpu.isalist" value="amd64"/>
    <property name="sun.jnu.encoding" value="Cp1252"/>
    <property name="java.class.path" value="D:\RAVI\SJSU\Ravi\Sem-2\Software Systems Engineering\Individual Project\individual-project-RavirajWadnerkar\target\test-classes;D:\RAVI\SJSU\Ravi\Sem-2\Software Systems Engineering\Individual Project\individual-project-RavirajWadnerkar\target\classes;C:\Users\Raviraj Wadnerkar\.m2\repository\org\junit\jupiter\junit-jupiter-api\5.7.0\junit-jupiter-api-5.7.0.jar;C:\Users\Raviraj Wadnerkar\.m2\repository\org\apiguardian\apiguardian-api\1.1.0\apiguardian-api-1.1.0.jar;C:\Users\Raviraj Wadnerkar\.m2\repository\org\opentest4j\opentest4j\1.2.0\opentest4j-1.2.0.jar;C:\Users\Raviraj Wadnerkar\.m2\repository\org\junit\platform\junit-platform-commons\1.7.0\junit-platform-commons-1.7.0.jar;C:\Users\Raviraj Wadnerkar\.m2\repository\org\junit\jupiter\junit-jupiter-engine\5.7.0\junit-jupiter-engine-5.7.0.jar;C:\Users\Raviraj Wadnerkar\.m2\repository\org\junit\platform\junit-platform-engine\1.7.0\junit-platform-engine-1.7.0.jar;C:\Users\Raviraj Wadnerkar\.m2\repository\junit\junit\4.13.2\junit-4.13.2.jar;C:\Users\Raviraj Wadnerkar\.m2\repository\org\hamcrest\hamcrest-core\1.3\hamcrest-core-1.3.jar;C:\Users\Raviraj Wadnerkar\.m2\repository\com\google\code\gson\gson\2.8.9\gson-2.8.9.jar;"/>
    <property name="java.vm.vendor" value="Oracle Corporation"/>
    <property name="sun.arch.data.model" value="64"/>
    <property name="user.variant" value=""/>
    <property name="java.vendor.url" value="https://java.oracle.com/"/>
    <property name="user.timezone" value="America/Los_Angeles"/>
    <property name="os.name" value="Windows 10"/>
    <property name="java.vm.specification.version" value="17"/>
    <property name="sun.java.launcher" value="SUN_STANDARD"/>
    <property name="user.country" value="IN"/>
    <property name="sun.boot.library.path" value="C:\Program Files\Java\jdk-17\bin"/>
    <property name="sun.java.command" value="C:\Users\Raviraj Wadnerkar\AppData\Local\Temp\surefire7434527242945219475\surefirebooter-20240511232157767_3.jar C:\Users\Raviraj Wadnerkar\AppData\Local\Temp\surefire7434527242945219475 2024-05-11T23-21-57_516-jvmRun1 surefire-20240511232157767_1tmp surefire_0-20240511232157767_2tmp"/>
    <property name="jdk.debug" value="release"/>
    <property name="surefire.test.class.path" value="D:\RAVI\SJSU\Ravi\Sem-2\Software Systems Engineering\Individual Project\individual-project-RavirajWadnerkar\target\test-classes;D:\RAVI\SJSU\Ravi\Sem-2\Software Systems Engineering\Individual Project\individual-project-RavirajWadnerkar\target\classes;C:\Users\Raviraj Wadnerkar\.m2\repository\org\junit\jupiter\junit-jupiter-api\5.7.0\junit-jupiter-api-5.7.0.jar;C:\Users\Raviraj Wadnerkar\.m2\repository\org\apiguardian\apiguardian-api\1.1.0\apiguardian-api-1.1.0.jar;C:\Users\Raviraj Wadnerkar\.m2\repository\org\opentest4j\opentest4j\1.2.0\opentest4j-1.2.0.jar;C:\Users\Raviraj Wadnerkar\.m2\repository\org\junit\platform\junit-platform-commons\1.7.0\junit-platform-commons-1.7.0.jar;C:\Users\Raviraj Wadnerkar\.m2\repository\org\junit\jupiter\junit-jupiter-engine\5.7.0\junit-jupiter-engine-5.7.0.jar;C:\Users\Raviraj Wadnerkar\.m2\repository\org\junit\platform\junit-platform-engine\1.7.0\junit-platform-engine-1.7.0.jar;C:\Users\Raviraj Wadnerkar\.m2\repository\junit\junit\4.13.2\junit-4.13.2.jar;C:\Users\Raviraj Wadnerkar\.m2\repository\org\hamcrest\hamcrest-core\1.3\hamcrest-core-1.3.jar;C:\Users\Raviraj Wadnerkar\.m2\repository\com\google\code\gson\gson\2.8.9\gson-2.8.9.jar;"/>
    <property name="sun.cpu.endian" value="little"/>
    <property name="user.home" value="C:\Users\Raviraj Wadnerkar"/>
    <property name="user.language" value="en"/>
    <property name="java.specification.vendor" value="Oracle Corporation"/>
    <property name="java.version.date" value="2023-10-17"/>
    <property name="java.home" value="C:\Program Files\Java\jdk-17"/>
    <property name="file.separator" value="\"/>
    <property name="basedir" value="D:\RAVI\SJSU\Ravi\Sem-2\Software Systems Engineering\Individual Project\individual-project-RavirajWadnerkar"/>
    <property name="java.vm.compressedOopsMode" value="Zero based"/>
    <property name="line.separator" value="&#10;"/>
    <property name="java.vm.specification.vendor" value="Oracle Corporation"/>
    <property name="java.specification.name" value="Java Platform API Specification"/>
    <property name="surefire.real.class.path" value="C:\Users\Raviraj Wadnerkar\AppData\Local\Temp\surefire7434527242945219475\surefirebooter-20240511232157767_3.jar"/>
    <property name="user.script" value=""/>
    <property name="sun.management.compiler" value="HotSpot 64-Bit Tiered Compilers"/>
    <property name="java.runtime.version" value="17.0.9+11-LTS-201"/>
    <property name="user.name" value="Raviraj Wadnerkar"/>
    <property name="path.separator" value=";"/>
    <property name="os.version" value="10.0"/>
    <property name="java.runtime.name" value="Java(TM) SE Runtime Environment"/>
    <property name="file.encoding" value="Cp1252"/>
    <property name="java.vm.name" value="Java HotSpot(TM) 64-Bit Server VM"/>
    <property name="localRepository" value="C:\Users\Raviraj Wadnerkar\.m2\repository"/>
    <property name="java.vendor.url.bug" value="https://bugreport.java.com/bugreport/"/>
    <property name="java.io.tmpdir" value="C:\Users\Raviraj Wadnerkar\AppData\Local\Temp\"/>
    <property name="java.version" value="17.0.9"/>
    <property name="user.dir" value="D:\RAVI\SJSU\Ravi\Sem-2\Software Systems Engineering\Individual Project\individual-project-RavirajWadnerkar"/>
    <property name="os.arch" value="amd64"/>
    <property name="java.vm.specification.name" value="Java Virtual Machine Specification"/>
    <property name="sun.os.patch.level" value=""/>
    <property name="native.encoding" value="Cp1252"/>
    <property name="java.library.path" value="C:\Program Files\Java\jdk-17\bin;C:\WINDOWS\Sun\Java\bin;C:\WINDOWS\system32;C:\WINDOWS;C:\Program Files\Common Files\Oracle\Java\javapath;C:\ProgramData\Oracle\Java\javapath;C:\Program Files\Intel\iCLS Client\;C:\Windows\system32;C:\Windows;C:\Windows\System32\Wbem;C:\Windows\System32\WindowsPowerShell\v1.0\;C:\Program Files (x86)\NVIDIA Corporation\PhysX\Common;C:\Program Files\NVIDIA Corporation\NVIDIA NvDLISR;C:\WINDOWS\system32;C:\WINDOWS;C:\WINDOWS\System32\Wbem;C:\WINDOWS\System32\WindowsPowerShell\v1.0\;C:\WINDOWS\System32\OpenSSH\;C:\Program Files\Java\jdk-13.0.1\bin;C:\Program Files\Intel\WiFi\bin\;C:\Program Files\Common Files\Intel\WirelessCommon\;C:\ProgramData\chocolatey\bin;C:\Program Files (x86)\Intel\Intel(R) Management Engine Components\DAL;C:\Program Files\Intel\Intel(R) Management Engine Components\DAL;C:\Users\Raviraj Wadnerkar\AppData\Local\Programs\Python\Python310\;C:\Users\Raviraj Wadnerkar\AppData\Local\Programs\Python\Python310\Scripts;C:\Program Files\Git\cmd;C:\Program Files\dotnet\;C:\Program Files\Java\jdk-17;C:\Program Files\Amazon\AWSCLIV2\;C:\Program Files\nodejs\;C:\Program Files\PuTTY\;C:\Users\Raviraj Wadnerkar\AppData\Local\Programs\Python\Python310\Scripts\;C:\Users\Raviraj Wadnerkar\AppData\Local\Programs\Python\Python310\;C:\Program Files\Java\jre1.8.0_45\bin;C:\Users\Raviraj Wadnerkar\AppData\Local\Microsoft\WindowsApps;C:\Users\Raviraj Wadnerkar\AppData\Local\GitHubDesktop\bin;C:\Users\Raviraj Wadnerkar\AppData\Local\Programs\Microsoft VS Code\bin;C:\Users\Raviraj Wadnerkar\AppData\Local\Microsoft\WindowsApps;C:\Program Files\Java\jdk-13.0.1\;C:\Flex Windows\gcc\bin;C:\Flex Windows\Lex\bin;C:\Flex Windows\bison\bin;C:\Program Files\MongoDB\Server\5.0\bin;C:\Program Files\JetBrains\PyCharm Community Edition 2021.3.2\bin;D:\RAVI\SJSU\Ravi\Sem-1\Enterprise software platform\Salesforce\sf\bin;D:\RAVI\SJSU\Ravi\Google SDK\google-cloud-sdk\bin;C:\Users\Raviraj Wadnerkar\AppData\Roaming\npm;C:\flutter\flutter\bin;C:\Program Files\Apache\Maven\apache-maven-3.9.6-bin\apache-maven-3.9.6\bin;;."/>
    <property name="java.vm.info" value="mixed mode, sharing"/>
    <property name="java.vendor" value="Oracle Corporation"/>
    <property name="java.vm.version" value="17.0.9+11-LTS-201"/>
    <property name="sun.io.unicode.encoding" value="UnicodeLittle"/>
    <property name="java.class.version" value="61.0"/>
  </properties>
  <testcase name="testMultipleValidLogsSameUrl" classname="LogParserApp.RequestLogHandlerTest" time="0.012"/>
  <testcase name="testStatusCodeGrouping" classname="LogParserApp.RequestLogHandlerTest" time="0.001"/>
  <testcase name="testCalculateMedianOdd" classname="LogParserApp.RequestLogHandlerTest" time="0.001"/>
  <testcase name="testValidLogEntry" classname="LogParserApp.RequestLogHandlerTest" time="0.003"/>
  <testcase name="testCalculateMedianEven" classname="LogParserApp.RequestLogHandlerTest" time="0.001"/>
  <testcase name="testCalculateAverage" classname="LogParserApp.RequestLogHandlerTest" time="0.001"/>
  <testcase name="testInvalidResponseTime" classname="LogParserApp.RequestLogHandlerTest" time="0.002">
    <system-out><![CDATA[Ignoring non-numeric response time for URL: /api/update
]]></system-out>
  </testcase>
  <testcase name="testEmptyLogEntry" classname="LogParserApp.RequestLogHandlerTest" time="0.001"/>
  <testcase name="testInvalidResponseStatus" classname="LogParserApp.RequestLogHandlerTest" time="0.001">
    <system-out><![CDATA[Invalid response status format, expected 3 digits, found: ABC
]]></system-out>
  </testcase>
</testsuite>